[2023-09-14T18:10:08.967+0000] {taskinstance.py:1083} INFO - Dependencies all met for <TaskInstance: segunda_dag.Neymar manual__2023-09-14T18:10:06.642037+00:00 [queued]>
[2023-09-14T18:10:08.979+0000] {taskinstance.py:1083} INFO - Dependencies all met for <TaskInstance: segunda_dag.Neymar manual__2023-09-14T18:10:06.642037+00:00 [queued]>
[2023-09-14T18:10:08.979+0000] {taskinstance.py:1279} INFO - 
--------------------------------------------------------------------------------
[2023-09-14T18:10:08.979+0000] {taskinstance.py:1280} INFO - Starting attempt 1 of 1
[2023-09-14T18:10:08.980+0000] {taskinstance.py:1281} INFO - 
--------------------------------------------------------------------------------
[2023-09-14T18:10:08.999+0000] {taskinstance.py:1300} INFO - Executing <Task(BashOperator): Neymar> on 2023-09-14 18:10:06.642037+00:00
[2023-09-14T18:10:09.004+0000] {standard_task_runner.py:55} INFO - Started process 1643 to run task
[2023-09-14T18:10:09.007+0000] {standard_task_runner.py:82} INFO - Running: ['***', 'tasks', 'run', 'segunda_dag', 'Neymar', 'manual__2023-09-14T18:10:06.642037+00:00', '--job-id', '24', '--raw', '--subdir', 'DAGS_FOLDER/segunda_dag.py', '--cfg-path', '/tmp/tmp1pb25pzi']
[2023-09-14T18:10:09.007+0000] {standard_task_runner.py:83} INFO - Job 24: Subtask Neymar
[2023-09-14T18:10:09.071+0000] {task_command.py:388} INFO - Running <TaskInstance: segunda_dag.Neymar manual__2023-09-14T18:10:06.642037+00:00 [running]> on host 8cc0db633803
[2023-09-14T18:10:09.186+0000] {taskinstance.py:1509} INFO - Exporting the following env vars:
AIRFLOW_CTX_DAG_OWNER=***
AIRFLOW_CTX_DAG_ID=segunda_dag
AIRFLOW_CTX_TASK_ID=Neymar
AIRFLOW_CTX_EXECUTION_DATE=2023-09-14T18:10:06.642037+00:00
AIRFLOW_CTX_TRY_NUMBER=1
AIRFLOW_CTX_DAG_RUN_ID=manual__2023-09-14T18:10:06.642037+00:00
[2023-09-14T18:10:09.187+0000] {subprocess.py:63} INFO - Tmp dir root location: 
 /tmp
[2023-09-14T18:10:09.188+0000] {subprocess.py:75} INFO - Running command: ['/bin/bash', '-c', 'echo rabisca']
[2023-09-14T18:10:09.198+0000] {subprocess.py:86} INFO - Output:
[2023-09-14T18:10:09.200+0000] {subprocess.py:93} INFO - rabisca
[2023-09-14T18:10:09.201+0000] {subprocess.py:97} INFO - Command exited with return code 0
[2023-09-14T18:10:09.235+0000] {taskinstance.py:1323} INFO - Marking task as SUCCESS. dag_id=segunda_dag, task_id=Neymar, execution_date=20230914T181006, start_date=20230914T181008, end_date=20230914T181009
[2023-09-14T18:10:09.260+0000] {local_task_job.py:208} INFO - Task exited with return code 0
[2023-09-14T18:10:09.307+0000] {taskinstance.py:2578} INFO - 1 downstream tasks scheduled from follow-on schedule check
