[2023-09-15T18:23:46.147+0000] {taskinstance.py:1083} INFO - Dependencies all met for <TaskInstance: default_args.tsk3 scheduled__2023-09-15T17:00:00+00:00 [queued]>
[2023-09-15T18:23:46.161+0000] {taskinstance.py:1083} INFO - Dependencies all met for <TaskInstance: default_args.tsk3 scheduled__2023-09-15T17:00:00+00:00 [queued]>
[2023-09-15T18:23:46.161+0000] {taskinstance.py:1279} INFO - 
--------------------------------------------------------------------------------
[2023-09-15T18:23:46.161+0000] {taskinstance.py:1280} INFO - Starting attempt 1 of 2
[2023-09-15T18:23:46.161+0000] {taskinstance.py:1281} INFO - 
--------------------------------------------------------------------------------
[2023-09-15T18:23:46.180+0000] {taskinstance.py:1300} INFO - Executing <Task(BashOperator): tsk3> on 2023-09-15 17:00:00+00:00
[2023-09-15T18:23:46.188+0000] {standard_task_runner.py:55} INFO - Started process 1228 to run task
[2023-09-15T18:23:46.191+0000] {standard_task_runner.py:82} INFO - Running: ['***', 'tasks', 'run', 'default_args', 'tsk3', 'scheduled__2023-09-15T17:00:00+00:00', '--job-id', '73', '--raw', '--subdir', 'DAGS_FOLDER/default_args.py', '--cfg-path', '/tmp/tmpq6flllmj']
[2023-09-15T18:23:46.192+0000] {standard_task_runner.py:83} INFO - Job 73: Subtask tsk3
[2023-09-15T18:23:46.261+0000] {task_command.py:388} INFO - Running <TaskInstance: default_args.tsk3 scheduled__2023-09-15T17:00:00+00:00 [running]> on host 8cc0db633803
[2023-09-15T18:23:46.338+0000] {taskinstance.py:1509} INFO - Exporting the following env vars:
AIRFLOW_CTX_DAG_EMAIL=test@test.com
AIRFLOW_CTX_DAG_OWNER=***
AIRFLOW_CTX_DAG_ID=default_args
AIRFLOW_CTX_TASK_ID=tsk3
AIRFLOW_CTX_EXECUTION_DATE=2023-09-15T17:00:00+00:00
AIRFLOW_CTX_TRY_NUMBER=1
AIRFLOW_CTX_DAG_RUN_ID=scheduled__2023-09-15T17:00:00+00:00
[2023-09-15T18:23:46.340+0000] {subprocess.py:63} INFO - Tmp dir root location: 
 /tmp
[2023-09-15T18:23:46.340+0000] {subprocess.py:75} INFO - Running command: ['/bin/bash', '-c', 'sleep 5']
[2023-09-15T18:23:46.349+0000] {subprocess.py:86} INFO - Output:
[2023-09-15T18:23:51.380+0000] {subprocess.py:97} INFO - Command exited with return code 0
[2023-09-15T18:23:51.411+0000] {taskinstance.py:1323} INFO - Marking task as SUCCESS. dag_id=default_args, task_id=tsk3, execution_date=20230915T170000, start_date=20230915T182346, end_date=20230915T182351
[2023-09-15T18:23:51.446+0000] {local_task_job.py:208} INFO - Task exited with return code 0
[2023-09-15T18:23:51.461+0000] {taskinstance.py:2578} INFO - 0 downstream tasks scheduled from follow-on schedule check
