[2023-09-15T18:23:40.410+0000] {taskinstance.py:1083} INFO - Dependencies all met for <TaskInstance: default_args.tsk2 scheduled__2023-09-15T17:00:00+00:00 [queued]>
[2023-09-15T18:23:40.421+0000] {taskinstance.py:1083} INFO - Dependencies all met for <TaskInstance: default_args.tsk2 scheduled__2023-09-15T17:00:00+00:00 [queued]>
[2023-09-15T18:23:40.421+0000] {taskinstance.py:1279} INFO - 
--------------------------------------------------------------------------------
[2023-09-15T18:23:40.421+0000] {taskinstance.py:1280} INFO - Starting attempt 1 of 2
[2023-09-15T18:23:40.421+0000] {taskinstance.py:1281} INFO - 
--------------------------------------------------------------------------------
[2023-09-15T18:23:40.442+0000] {taskinstance.py:1300} INFO - Executing <Task(BashOperator): tsk2> on 2023-09-15 17:00:00+00:00
[2023-09-15T18:23:40.446+0000] {standard_task_runner.py:55} INFO - Started process 1213 to run task
[2023-09-15T18:23:40.449+0000] {standard_task_runner.py:82} INFO - Running: ['***', 'tasks', 'run', 'default_args', 'tsk2', 'scheduled__2023-09-15T17:00:00+00:00', '--job-id', '71', '--raw', '--subdir', 'DAGS_FOLDER/default_args.py', '--cfg-path', '/tmp/tmpfowp7_y9']
[2023-09-15T18:23:40.449+0000] {standard_task_runner.py:83} INFO - Job 71: Subtask tsk2
[2023-09-15T18:23:40.514+0000] {task_command.py:388} INFO - Running <TaskInstance: default_args.tsk2 scheduled__2023-09-15T17:00:00+00:00 [running]> on host 8cc0db633803
[2023-09-15T18:23:40.589+0000] {taskinstance.py:1509} INFO - Exporting the following env vars:
AIRFLOW_CTX_DAG_EMAIL=test@test.com
AIRFLOW_CTX_DAG_OWNER=***
AIRFLOW_CTX_DAG_ID=default_args
AIRFLOW_CTX_TASK_ID=tsk2
AIRFLOW_CTX_EXECUTION_DATE=2023-09-15T17:00:00+00:00
AIRFLOW_CTX_TRY_NUMBER=1
AIRFLOW_CTX_DAG_RUN_ID=scheduled__2023-09-15T17:00:00+00:00
[2023-09-15T18:23:40.590+0000] {subprocess.py:63} INFO - Tmp dir root location: 
 /tmp
[2023-09-15T18:23:40.590+0000] {subprocess.py:75} INFO - Running command: ['/bin/bash', '-c', 'sleep 5']
[2023-09-15T18:23:40.598+0000] {subprocess.py:86} INFO - Output:
[2023-09-15T18:23:45.601+0000] {subprocess.py:97} INFO - Command exited with return code 0
[2023-09-15T18:23:45.631+0000] {taskinstance.py:1323} INFO - Marking task as SUCCESS. dag_id=default_args, task_id=tsk2, execution_date=20230915T170000, start_date=20230915T182340, end_date=20230915T182345
[2023-09-15T18:23:45.679+0000] {local_task_job.py:208} INFO - Task exited with return code 0
[2023-09-15T18:23:45.702+0000] {taskinstance.py:2578} INFO - 1 downstream tasks scheduled from follow-on schedule check
