[2023-09-15T17:00:21.708+0000] {taskinstance.py:1083} INFO - Dependencies all met for <TaskInstance: dag_group.task4 manual__2023-09-15T17:00:14.492028+00:00 [queued]>
[2023-09-15T17:00:21.718+0000] {taskinstance.py:1083} INFO - Dependencies all met for <TaskInstance: dag_group.task4 manual__2023-09-15T17:00:14.492028+00:00 [queued]>
[2023-09-15T17:00:21.718+0000] {taskinstance.py:1279} INFO - 
--------------------------------------------------------------------------------
[2023-09-15T17:00:21.718+0000] {taskinstance.py:1280} INFO - Starting attempt 1 of 1
[2023-09-15T17:00:21.719+0000] {taskinstance.py:1281} INFO - 
--------------------------------------------------------------------------------
[2023-09-15T17:00:21.735+0000] {taskinstance.py:1300} INFO - Executing <Task(BashOperator): task4> on 2023-09-15 17:00:14.492028+00:00
[2023-09-15T17:00:21.738+0000] {standard_task_runner.py:55} INFO - Started process 965 to run task
[2023-09-15T17:00:21.741+0000] {standard_task_runner.py:82} INFO - Running: ['***', 'tasks', 'run', 'dag_group', 'task4', 'manual__2023-09-15T17:00:14.492028+00:00', '--job-id', '56', '--raw', '--subdir', 'DAGS_FOLDER/dag_group.py', '--cfg-path', '/tmp/tmpv6lb4slf']
[2023-09-15T17:00:21.742+0000] {standard_task_runner.py:83} INFO - Job 56: Subtask task4
[2023-09-15T17:00:21.801+0000] {task_command.py:388} INFO - Running <TaskInstance: dag_group.task4 manual__2023-09-15T17:00:14.492028+00:00 [running]> on host 8cc0db633803
[2023-09-15T17:00:21.881+0000] {taskinstance.py:1509} INFO - Exporting the following env vars:
AIRFLOW_CTX_DAG_OWNER=***
AIRFLOW_CTX_DAG_ID=dag_group
AIRFLOW_CTX_TASK_ID=task4
AIRFLOW_CTX_EXECUTION_DATE=2023-09-15T17:00:14.492028+00:00
AIRFLOW_CTX_TRY_NUMBER=1
AIRFLOW_CTX_DAG_RUN_ID=manual__2023-09-15T17:00:14.492028+00:00
[2023-09-15T17:00:21.882+0000] {subprocess.py:63} INFO - Tmp dir root location: 
 /tmp
[2023-09-15T17:00:21.883+0000] {subprocess.py:75} INFO - Running command: ['/bin/bash', '-c', 'sleep 5']
[2023-09-15T17:00:21.892+0000] {subprocess.py:86} INFO - Output:
[2023-09-15T17:00:26.895+0000] {subprocess.py:97} INFO - Command exited with return code 0
[2023-09-15T17:00:26.924+0000] {taskinstance.py:1323} INFO - Marking task as SUCCESS. dag_id=dag_group, task_id=task4, execution_date=20230915T170014, start_date=20230915T170021, end_date=20230915T170026
[2023-09-15T17:00:26.971+0000] {local_task_job.py:208} INFO - Task exited with return code 0
[2023-09-15T17:00:27.001+0000] {taskinstance.py:2578} INFO - 1 downstream tasks scheduled from follow-on schedule check
