[2023-09-15T17:00:15.469+0000] {taskinstance.py:1083} INFO - Dependencies all met for <TaskInstance: dag_group.task1 manual__2023-09-15T17:00:14.492028+00:00 [queued]>
[2023-09-15T17:00:15.482+0000] {taskinstance.py:1083} INFO - Dependencies all met for <TaskInstance: dag_group.task1 manual__2023-09-15T17:00:14.492028+00:00 [queued]>
[2023-09-15T17:00:15.482+0000] {taskinstance.py:1279} INFO - 
--------------------------------------------------------------------------------
[2023-09-15T17:00:15.482+0000] {taskinstance.py:1280} INFO - Starting attempt 1 of 1
[2023-09-15T17:00:15.483+0000] {taskinstance.py:1281} INFO - 
--------------------------------------------------------------------------------
[2023-09-15T17:00:15.505+0000] {taskinstance.py:1300} INFO - Executing <Task(BashOperator): task1> on 2023-09-15 17:00:14.492028+00:00
[2023-09-15T17:00:15.509+0000] {standard_task_runner.py:55} INFO - Started process 946 to run task
[2023-09-15T17:00:15.512+0000] {standard_task_runner.py:82} INFO - Running: ['***', 'tasks', 'run', 'dag_group', 'task1', 'manual__2023-09-15T17:00:14.492028+00:00', '--job-id', '54', '--raw', '--subdir', 'DAGS_FOLDER/dag_group.py', '--cfg-path', '/tmp/tmpgw74yklh']
[2023-09-15T17:00:15.513+0000] {standard_task_runner.py:83} INFO - Job 54: Subtask task1
[2023-09-15T17:00:15.632+0000] {task_command.py:388} INFO - Running <TaskInstance: dag_group.task1 manual__2023-09-15T17:00:14.492028+00:00 [running]> on host 8cc0db633803
[2023-09-15T17:00:15.723+0000] {taskinstance.py:1509} INFO - Exporting the following env vars:
AIRFLOW_CTX_DAG_OWNER=***
AIRFLOW_CTX_DAG_ID=dag_group
AIRFLOW_CTX_TASK_ID=task1
AIRFLOW_CTX_EXECUTION_DATE=2023-09-15T17:00:14.492028+00:00
AIRFLOW_CTX_TRY_NUMBER=1
AIRFLOW_CTX_DAG_RUN_ID=manual__2023-09-15T17:00:14.492028+00:00
[2023-09-15T17:00:15.724+0000] {subprocess.py:63} INFO - Tmp dir root location: 
 /tmp
[2023-09-15T17:00:15.725+0000] {subprocess.py:75} INFO - Running command: ['/bin/bash', '-c', 'sleep 5']
[2023-09-15T17:00:15.735+0000] {subprocess.py:86} INFO - Output:
[2023-09-15T17:00:20.772+0000] {subprocess.py:97} INFO - Command exited with return code 0
[2023-09-15T17:00:20.806+0000] {taskinstance.py:1323} INFO - Marking task as SUCCESS. dag_id=dag_group, task_id=task1, execution_date=20230915T170014, start_date=20230915T170015, end_date=20230915T170020
[2023-09-15T17:00:20.863+0000] {local_task_job.py:208} INFO - Task exited with return code 0
[2023-09-15T17:00:20.918+0000] {taskinstance.py:2578} INFO - 1 downstream tasks scheduled from follow-on schedule check
