[2023-09-14T19:53:36.429+0000] {taskinstance.py:1083} INFO - Dependencies all met for <TaskInstance: trigger_dag2.task3 manual__2023-09-14T19:53:33.983484+00:00 [queued]>
[2023-09-14T19:53:36.442+0000] {taskinstance.py:1083} INFO - Dependencies all met for <TaskInstance: trigger_dag2.task3 manual__2023-09-14T19:53:33.983484+00:00 [queued]>
[2023-09-14T19:53:36.442+0000] {taskinstance.py:1279} INFO - 
--------------------------------------------------------------------------------
[2023-09-14T19:53:36.443+0000] {taskinstance.py:1280} INFO - Starting attempt 1 of 1
[2023-09-14T19:53:36.443+0000] {taskinstance.py:1281} INFO - 
--------------------------------------------------------------------------------
[2023-09-14T19:53:36.461+0000] {taskinstance.py:1300} INFO - Executing <Task(BashOperator): task3> on 2023-09-14 19:53:33.983484+00:00
[2023-09-14T19:53:36.464+0000] {standard_task_runner.py:55} INFO - Started process 8961 to run task
[2023-09-14T19:53:36.468+0000] {standard_task_runner.py:82} INFO - Running: ['***', 'tasks', 'run', 'trigger_dag2', 'task3', 'manual__2023-09-14T19:53:33.983484+00:00', '--job-id', '35', '--raw', '--subdir', 'DAGS_FOLDER/trigger_dag2.py', '--cfg-path', '/tmp/tmprejb7hkt']
[2023-09-14T19:53:36.469+0000] {standard_task_runner.py:83} INFO - Job 35: Subtask task3
[2023-09-14T19:53:36.536+0000] {task_command.py:388} INFO - Running <TaskInstance: trigger_dag2.task3 manual__2023-09-14T19:53:33.983484+00:00 [running]> on host 8cc0db633803
[2023-09-14T19:53:36.634+0000] {taskinstance.py:1509} INFO - Exporting the following env vars:
AIRFLOW_CTX_DAG_OWNER=***
AIRFLOW_CTX_DAG_ID=trigger_dag2
AIRFLOW_CTX_TASK_ID=task3
AIRFLOW_CTX_EXECUTION_DATE=2023-09-14T19:53:33.983484+00:00
AIRFLOW_CTX_TRY_NUMBER=1
AIRFLOW_CTX_DAG_RUN_ID=manual__2023-09-14T19:53:33.983484+00:00
[2023-09-14T19:53:36.636+0000] {subprocess.py:63} INFO - Tmp dir root location: 
 /tmp
[2023-09-14T19:53:36.636+0000] {subprocess.py:75} INFO - Running command: ['/bin/bash', '-c', 'sleep 5']
[2023-09-14T19:53:36.659+0000] {subprocess.py:86} INFO - Output:
[2023-09-14T19:53:41.666+0000] {subprocess.py:97} INFO - Command exited with return code 0
[2023-09-14T19:53:41.695+0000] {taskinstance.py:1323} INFO - Marking task as SUCCESS. dag_id=trigger_dag2, task_id=task3, execution_date=20230914T195333, start_date=20230914T195336, end_date=20230914T195341
[2023-09-14T19:53:41.719+0000] {local_task_job.py:208} INFO - Task exited with return code 0
[2023-09-14T19:53:41.733+0000] {taskinstance.py:2578} INFO - 0 downstream tasks scheduled from follow-on schedule check
