[2023-09-14T17:57:17.256+0000] {taskinstance.py:1083} INFO - Dependencies all met for <TaskInstance: primeira_dag.tsk1 manual__2023-09-14T17:57:16.556282+00:00 [queued]>
[2023-09-14T17:57:17.264+0000] {taskinstance.py:1083} INFO - Dependencies all met for <TaskInstance: primeira_dag.tsk1 manual__2023-09-14T17:57:16.556282+00:00 [queued]>
[2023-09-14T17:57:17.265+0000] {taskinstance.py:1279} INFO - 
--------------------------------------------------------------------------------
[2023-09-14T17:57:17.265+0000] {taskinstance.py:1280} INFO - Starting attempt 1 of 1
[2023-09-14T17:57:17.265+0000] {taskinstance.py:1281} INFO - 
--------------------------------------------------------------------------------
[2023-09-14T17:57:17.280+0000] {taskinstance.py:1300} INFO - Executing <Task(BashOperator): tsk1> on 2023-09-14 17:57:16.556282+00:00
[2023-09-14T17:57:17.284+0000] {standard_task_runner.py:55} INFO - Started process 696 to run task
[2023-09-14T17:57:17.287+0000] {standard_task_runner.py:82} INFO - Running: ['***', 'tasks', 'run', 'primeira_dag', 'tsk1', 'manual__2023-09-14T17:57:16.556282+00:00', '--job-id', '14', '--raw', '--subdir', 'DAGS_FOLDER/primeira_dag.py', '--cfg-path', '/tmp/tmp1x0nskte']
[2023-09-14T17:57:17.287+0000] {standard_task_runner.py:83} INFO - Job 14: Subtask tsk1
[2023-09-14T17:57:17.408+0000] {task_command.py:388} INFO - Running <TaskInstance: primeira_dag.tsk1 manual__2023-09-14T17:57:16.556282+00:00 [running]> on host 8cc0db633803
[2023-09-14T17:57:17.480+0000] {taskinstance.py:1509} INFO - Exporting the following env vars:
AIRFLOW_CTX_DAG_OWNER=***
AIRFLOW_CTX_DAG_ID=primeira_dag
AIRFLOW_CTX_TASK_ID=tsk1
AIRFLOW_CTX_EXECUTION_DATE=2023-09-14T17:57:16.556282+00:00
AIRFLOW_CTX_TRY_NUMBER=1
AIRFLOW_CTX_DAG_RUN_ID=manual__2023-09-14T17:57:16.556282+00:00
[2023-09-14T17:57:17.481+0000] {subprocess.py:63} INFO - Tmp dir root location: 
 /tmp
[2023-09-14T17:57:17.482+0000] {subprocess.py:75} INFO - Running command: ['/bin/bash', '-c', 'echo 1']
[2023-09-14T17:57:17.491+0000] {subprocess.py:86} INFO - Output:
[2023-09-14T17:57:17.492+0000] {subprocess.py:93} INFO - 1
[2023-09-14T17:57:17.493+0000] {subprocess.py:97} INFO - Command exited with return code 0
[2023-09-14T17:57:17.518+0000] {taskinstance.py:1323} INFO - Marking task as SUCCESS. dag_id=primeira_dag, task_id=tsk1, execution_date=20230914T175716, start_date=20230914T175717, end_date=20230914T175717
[2023-09-14T17:57:17.539+0000] {local_task_job.py:208} INFO - Task exited with return code 0
[2023-09-14T17:57:17.569+0000] {taskinstance.py:2578} INFO - 1 downstream tasks scheduled from follow-on schedule check
