[2023-09-14T17:58:54.283+0000] {taskinstance.py:1083} INFO - Dependencies all met for <TaskInstance: primeira_dag.tsk2 manual__2023-09-14T17:58:52.144050+00:00 [queued]>
[2023-09-14T17:58:54.294+0000] {taskinstance.py:1083} INFO - Dependencies all met for <TaskInstance: primeira_dag.tsk2 manual__2023-09-14T17:58:52.144050+00:00 [queued]>
[2023-09-14T17:58:54.294+0000] {taskinstance.py:1279} INFO - 
--------------------------------------------------------------------------------
[2023-09-14T17:58:54.294+0000] {taskinstance.py:1280} INFO - Starting attempt 1 of 1
[2023-09-14T17:58:54.294+0000] {taskinstance.py:1281} INFO - 
--------------------------------------------------------------------------------
[2023-09-14T17:58:54.313+0000] {taskinstance.py:1300} INFO - Executing <Task(BashOperator): tsk2> on 2023-09-14 17:58:52.144050+00:00
[2023-09-14T17:58:54.318+0000] {standard_task_runner.py:55} INFO - Started process 821 to run task
[2023-09-14T17:58:54.321+0000] {standard_task_runner.py:82} INFO - Running: ['***', 'tasks', 'run', 'primeira_dag', 'tsk2', 'manual__2023-09-14T17:58:52.144050+00:00', '--job-id', '18', '--raw', '--subdir', 'DAGS_FOLDER/primeira_dag.py', '--cfg-path', '/tmp/tmpqyair6i4']
[2023-09-14T17:58:54.322+0000] {standard_task_runner.py:83} INFO - Job 18: Subtask tsk2
[2023-09-14T17:58:54.415+0000] {task_command.py:388} INFO - Running <TaskInstance: primeira_dag.tsk2 manual__2023-09-14T17:58:52.144050+00:00 [running]> on host 8cc0db633803
[2023-09-14T17:58:54.498+0000] {taskinstance.py:1509} INFO - Exporting the following env vars:
AIRFLOW_CTX_DAG_OWNER=***
AIRFLOW_CTX_DAG_ID=primeira_dag
AIRFLOW_CTX_TASK_ID=tsk2
AIRFLOW_CTX_EXECUTION_DATE=2023-09-14T17:58:52.144050+00:00
AIRFLOW_CTX_TRY_NUMBER=1
AIRFLOW_CTX_DAG_RUN_ID=manual__2023-09-14T17:58:52.144050+00:00
[2023-09-14T17:58:54.499+0000] {subprocess.py:63} INFO - Tmp dir root location: 
 /tmp
[2023-09-14T17:58:54.500+0000] {subprocess.py:75} INFO - Running command: ['/bin/bash', '-c', 'sleep 5']
[2023-09-14T17:58:54.510+0000] {subprocess.py:86} INFO - Output:
[2023-09-14T17:58:59.512+0000] {subprocess.py:97} INFO - Command exited with return code 0
[2023-09-14T17:58:59.541+0000] {taskinstance.py:1323} INFO - Marking task as SUCCESS. dag_id=primeira_dag, task_id=tsk2, execution_date=20230914T175852, start_date=20230914T175854, end_date=20230914T175859
[2023-09-14T17:58:59.591+0000] {local_task_job.py:208} INFO - Task exited with return code 0
[2023-09-14T17:58:59.611+0000] {taskinstance.py:2578} INFO - 1 downstream tasks scheduled from follow-on schedule check
