[2023-09-15T19:20:38.052+0000] {taskinstance.py:1083} INFO - Dependencies all met for <TaskInstance: exemplo_xcom.task2 manual__2023-09-15T19:20:35.210457+00:00 [queued]>
[2023-09-15T19:20:38.118+0000] {taskinstance.py:1083} INFO - Dependencies all met for <TaskInstance: exemplo_xcom.task2 manual__2023-09-15T19:20:35.210457+00:00 [queued]>
[2023-09-15T19:20:38.121+0000] {taskinstance.py:1279} INFO - 
--------------------------------------------------------------------------------
[2023-09-15T19:20:38.121+0000] {taskinstance.py:1280} INFO - Starting attempt 1 of 1
[2023-09-15T19:20:38.121+0000] {taskinstance.py:1281} INFO - 
--------------------------------------------------------------------------------
[2023-09-15T19:20:38.170+0000] {taskinstance.py:1300} INFO - Executing <Task(PythonOperator): task2> on 2023-09-15 19:20:35.210457+00:00
[2023-09-15T19:20:38.175+0000] {standard_task_runner.py:55} INFO - Started process 5216 to run task
[2023-09-15T19:20:38.193+0000] {standard_task_runner.py:82} INFO - Running: ['***', 'tasks', 'run', 'exemplo_xcom', 'task2', 'manual__2023-09-15T19:20:35.210457+00:00', '--job-id', '78', '--raw', '--subdir', 'DAGS_FOLDER/xcom.py', '--cfg-path', '/tmp/tmp0u321y2w']
[2023-09-15T19:20:38.193+0000] {standard_task_runner.py:83} INFO - Job 78: Subtask task2
[2023-09-15T19:20:38.327+0000] {task_command.py:388} INFO - Running <TaskInstance: exemplo_xcom.task2 manual__2023-09-15T19:20:35.210457+00:00 [running]> on host 8cc0db633803
[2023-09-15T19:20:38.479+0000] {taskinstance.py:1509} INFO - Exporting the following env vars:
AIRFLOW_CTX_DAG_OWNER=***
AIRFLOW_CTX_DAG_ID=exemplo_xcom
AIRFLOW_CTX_TASK_ID=task2
AIRFLOW_CTX_EXECUTION_DATE=2023-09-15T19:20:35.210457+00:00
AIRFLOW_CTX_TRY_NUMBER=1
AIRFLOW_CTX_DAG_RUN_ID=manual__2023-09-15T19:20:35.210457+00:00
[2023-09-15T19:20:38.513+0000] {logging_mixin.py:137} INFO - valor recuperado:10200
[2023-09-15T19:20:38.513+0000] {python.py:177} INFO - Done. Returned value was: None
[2023-09-15T19:20:38.532+0000] {taskinstance.py:1323} INFO - Marking task as SUCCESS. dag_id=exemplo_xcom, task_id=task2, execution_date=20230915T192035, start_date=20230915T192038, end_date=20230915T192038
[2023-09-15T19:20:38.576+0000] {local_task_job.py:208} INFO - Task exited with return code 0
[2023-09-15T19:20:38.596+0000] {taskinstance.py:2578} INFO - 0 downstream tasks scheduled from follow-on schedule check
