[2023-09-15T17:25:54.426+0000] {taskinstance.py:1083} INFO - Dependencies all met for <TaskInstance: dag_run_dag2.task2 manual__2023-09-15T17:25:47.208358+00:00 [queued]>
[2023-09-15T17:25:54.435+0000] {taskinstance.py:1083} INFO - Dependencies all met for <TaskInstance: dag_run_dag2.task2 manual__2023-09-15T17:25:47.208358+00:00 [queued]>
[2023-09-15T17:25:54.436+0000] {taskinstance.py:1279} INFO - 
--------------------------------------------------------------------------------
[2023-09-15T17:25:54.436+0000] {taskinstance.py:1280} INFO - Starting attempt 1 of 1
[2023-09-15T17:25:54.436+0000] {taskinstance.py:1281} INFO - 
--------------------------------------------------------------------------------
[2023-09-15T17:25:54.453+0000] {taskinstance.py:1300} INFO - Executing <Task(BashOperator): task2> on 2023-09-15 17:25:47.208358+00:00
[2023-09-15T17:25:54.457+0000] {standard_task_runner.py:55} INFO - Started process 2763 to run task
[2023-09-15T17:25:54.460+0000] {standard_task_runner.py:82} INFO - Running: ['***', 'tasks', 'run', 'dag_run_dag2', 'task2', 'manual__2023-09-15T17:25:47.208358+00:00', '--job-id', '65', '--raw', '--subdir', 'DAGS_FOLDER/dag_run_dag2.py', '--cfg-path', '/tmp/tmpedsu90fp']
[2023-09-15T17:25:54.460+0000] {standard_task_runner.py:83} INFO - Job 65: Subtask task2
[2023-09-15T17:25:54.517+0000] {task_command.py:388} INFO - Running <TaskInstance: dag_run_dag2.task2 manual__2023-09-15T17:25:47.208358+00:00 [running]> on host 8cc0db633803
[2023-09-15T17:25:54.591+0000] {taskinstance.py:1509} INFO - Exporting the following env vars:
AIRFLOW_CTX_DAG_OWNER=***
AIRFLOW_CTX_DAG_ID=dag_run_dag2
AIRFLOW_CTX_TASK_ID=task2
AIRFLOW_CTX_EXECUTION_DATE=2023-09-15T17:25:47.208358+00:00
AIRFLOW_CTX_TRY_NUMBER=1
AIRFLOW_CTX_DAG_RUN_ID=manual__2023-09-15T17:25:47.208358+00:00
[2023-09-15T17:25:54.592+0000] {subprocess.py:63} INFO - Tmp dir root location: 
 /tmp
[2023-09-15T17:25:54.593+0000] {subprocess.py:75} INFO - Running command: ['/bin/bash', '-c', 'sleep 5']
[2023-09-15T17:25:54.601+0000] {subprocess.py:86} INFO - Output:
[2023-09-15T17:25:59.604+0000] {subprocess.py:97} INFO - Command exited with return code 0
[2023-09-15T17:25:59.633+0000] {taskinstance.py:1323} INFO - Marking task as SUCCESS. dag_id=dag_run_dag2, task_id=task2, execution_date=20230915T172547, start_date=20230915T172554, end_date=20230915T172559
[2023-09-15T17:25:59.658+0000] {local_task_job.py:208} INFO - Task exited with return code 0
[2023-09-15T17:25:59.674+0000] {taskinstance.py:2578} INFO - 0 downstream tasks scheduled from follow-on schedule check
