[2023-09-14T17:57:18.520+0000] {taskinstance.py:1083} INFO - Dependencies all met for <TaskInstance: primeira_dag.tsk2 manual__2023-09-14T17:57:16.556282+00:00 [queued]>
[2023-09-14T17:57:18.539+0000] {taskinstance.py:1083} INFO - Dependencies all met for <TaskInstance: primeira_dag.tsk2 manual__2023-09-14T17:57:16.556282+00:00 [queued]>
[2023-09-14T17:57:18.539+0000] {taskinstance.py:1279} INFO - 
--------------------------------------------------------------------------------
[2023-09-14T17:57:18.539+0000] {taskinstance.py:1280} INFO - Starting attempt 1 of 1
[2023-09-14T17:57:18.539+0000] {taskinstance.py:1281} INFO - 
--------------------------------------------------------------------------------
[2023-09-14T17:57:18.556+0000] {taskinstance.py:1300} INFO - Executing <Task(BashOperator): tsk2> on 2023-09-14 17:57:16.556282+00:00
[2023-09-14T17:57:18.560+0000] {standard_task_runner.py:55} INFO - Started process 699 to run task
[2023-09-14T17:57:18.566+0000] {standard_task_runner.py:82} INFO - Running: ['***', 'tasks', 'run', 'primeira_dag', 'tsk2', 'manual__2023-09-14T17:57:16.556282+00:00', '--job-id', '15', '--raw', '--subdir', 'DAGS_FOLDER/primeira_dag.py', '--cfg-path', '/tmp/tmprumxh8aw']
[2023-09-14T17:57:18.567+0000] {standard_task_runner.py:83} INFO - Job 15: Subtask tsk2
[2023-09-14T17:57:18.632+0000] {task_command.py:388} INFO - Running <TaskInstance: primeira_dag.tsk2 manual__2023-09-14T17:57:16.556282+00:00 [running]> on host 8cc0db633803
[2023-09-14T17:57:18.717+0000] {taskinstance.py:1509} INFO - Exporting the following env vars:
AIRFLOW_CTX_DAG_OWNER=***
AIRFLOW_CTX_DAG_ID=primeira_dag
AIRFLOW_CTX_TASK_ID=tsk2
AIRFLOW_CTX_EXECUTION_DATE=2023-09-14T17:57:16.556282+00:00
AIRFLOW_CTX_TRY_NUMBER=1
AIRFLOW_CTX_DAG_RUN_ID=manual__2023-09-14T17:57:16.556282+00:00
[2023-09-14T17:57:18.718+0000] {subprocess.py:63} INFO - Tmp dir root location: 
 /tmp
[2023-09-14T17:57:18.719+0000] {subprocess.py:75} INFO - Running command: ['/bin/bash', '-c', 'sleep 5']
[2023-09-14T17:57:18.728+0000] {subprocess.py:86} INFO - Output:
[2023-09-14T17:57:23.731+0000] {subprocess.py:97} INFO - Command exited with return code 0
[2023-09-14T17:57:23.756+0000] {taskinstance.py:1323} INFO - Marking task as SUCCESS. dag_id=primeira_dag, task_id=tsk2, execution_date=20230914T175716, start_date=20230914T175718, end_date=20230914T175723
[2023-09-14T17:57:23.791+0000] {local_task_job.py:208} INFO - Task exited with return code 0
[2023-09-14T17:57:23.811+0000] {taskinstance.py:2578} INFO - 1 downstream tasks scheduled from follow-on schedule check
