[2023-09-14T20:10:20.492+0000] {taskinstance.py:1083} INFO - Dependencies all met for <TaskInstance: complex_dag.Adriano manual__2023-09-14T20:10:19.799457+00:00 [queued]>
[2023-09-14T20:10:20.502+0000] {taskinstance.py:1083} INFO - Dependencies all met for <TaskInstance: complex_dag.Adriano manual__2023-09-14T20:10:19.799457+00:00 [queued]>
[2023-09-14T20:10:20.503+0000] {taskinstance.py:1279} INFO - 
--------------------------------------------------------------------------------
[2023-09-14T20:10:20.503+0000] {taskinstance.py:1280} INFO - Starting attempt 1 of 1
[2023-09-14T20:10:20.503+0000] {taskinstance.py:1281} INFO - 
--------------------------------------------------------------------------------
[2023-09-14T20:10:20.518+0000] {taskinstance.py:1300} INFO - Executing <Task(BashOperator): Adriano> on 2023-09-14 20:10:19.799457+00:00
[2023-09-14T20:10:20.522+0000] {standard_task_runner.py:55} INFO - Started process 10159 to run task
[2023-09-14T20:10:20.525+0000] {standard_task_runner.py:82} INFO - Running: ['***', 'tasks', 'run', 'complex_dag', 'Adriano', 'manual__2023-09-14T20:10:19.799457+00:00', '--job-id', '41', '--raw', '--subdir', 'DAGS_FOLDER/magic_square.py', '--cfg-path', '/tmp/tmpo5jnn70t']
[2023-09-14T20:10:20.526+0000] {standard_task_runner.py:83} INFO - Job 41: Subtask Adriano
[2023-09-14T20:10:20.583+0000] {task_command.py:388} INFO - Running <TaskInstance: complex_dag.Adriano manual__2023-09-14T20:10:19.799457+00:00 [running]> on host 8cc0db633803
[2023-09-14T20:10:20.652+0000] {taskinstance.py:1509} INFO - Exporting the following env vars:
AIRFLOW_CTX_DAG_OWNER=***
AIRFLOW_CTX_DAG_ID=complex_dag
AIRFLOW_CTX_TASK_ID=Adriano
AIRFLOW_CTX_EXECUTION_DATE=2023-09-14T20:10:19.799457+00:00
AIRFLOW_CTX_TRY_NUMBER=1
AIRFLOW_CTX_DAG_RUN_ID=manual__2023-09-14T20:10:19.799457+00:00
[2023-09-14T20:10:20.653+0000] {subprocess.py:63} INFO - Tmp dir root location: 
 /tmp
[2023-09-14T20:10:20.653+0000] {subprocess.py:75} INFO - Running command: ['/bin/bash', '-c', 'echo o tanque']
[2023-09-14T20:10:20.662+0000] {subprocess.py:86} INFO - Output:
[2023-09-14T20:10:20.664+0000] {subprocess.py:93} INFO - o tanque
[2023-09-14T20:10:20.664+0000] {subprocess.py:97} INFO - Command exited with return code 0
[2023-09-14T20:10:20.690+0000] {taskinstance.py:1323} INFO - Marking task as SUCCESS. dag_id=complex_dag, task_id=Adriano, execution_date=20230914T201019, start_date=20230914T201020, end_date=20230914T201020
[2023-09-14T20:10:20.737+0000] {local_task_job.py:208} INFO - Task exited with return code 0
[2023-09-14T20:10:20.792+0000] {taskinstance.py:2578} INFO - 0 downstream tasks scheduled from follow-on schedule check
