[2023-09-15T18:23:34.537+0000] {taskinstance.py:1083} INFO - Dependencies all met for <TaskInstance: default_args.tsk1 manual__2023-09-15T18:23:33.311971+00:00 [queued]>
[2023-09-15T18:23:34.549+0000] {taskinstance.py:1083} INFO - Dependencies all met for <TaskInstance: default_args.tsk1 manual__2023-09-15T18:23:33.311971+00:00 [queued]>
[2023-09-15T18:23:34.550+0000] {taskinstance.py:1279} INFO - 
--------------------------------------------------------------------------------
[2023-09-15T18:23:34.550+0000] {taskinstance.py:1280} INFO - Starting attempt 1 of 4
[2023-09-15T18:23:34.550+0000] {taskinstance.py:1281} INFO - 
--------------------------------------------------------------------------------
[2023-09-15T18:23:34.569+0000] {taskinstance.py:1300} INFO - Executing <Task(BashOperator): tsk1> on 2023-09-15 18:23:33.311971+00:00
[2023-09-15T18:23:34.574+0000] {standard_task_runner.py:55} INFO - Started process 1206 to run task
[2023-09-15T18:23:34.576+0000] {standard_task_runner.py:82} INFO - Running: ['***', 'tasks', 'run', 'default_args', 'tsk1', 'manual__2023-09-15T18:23:33.311971+00:00', '--job-id', '68', '--raw', '--subdir', 'DAGS_FOLDER/default_args.py', '--cfg-path', '/tmp/tmpjj1830_5']
[2023-09-15T18:23:34.577+0000] {standard_task_runner.py:83} INFO - Job 68: Subtask tsk1
[2023-09-15T18:23:34.645+0000] {task_command.py:388} INFO - Running <TaskInstance: default_args.tsk1 manual__2023-09-15T18:23:33.311971+00:00 [running]> on host 8cc0db633803
[2023-09-15T18:23:34.741+0000] {taskinstance.py:1509} INFO - Exporting the following env vars:
AIRFLOW_CTX_DAG_EMAIL=test@test.com
AIRFLOW_CTX_DAG_OWNER=***
AIRFLOW_CTX_DAG_ID=default_args
AIRFLOW_CTX_TASK_ID=tsk1
AIRFLOW_CTX_EXECUTION_DATE=2023-09-15T18:23:33.311971+00:00
AIRFLOW_CTX_TRY_NUMBER=1
AIRFLOW_CTX_DAG_RUN_ID=manual__2023-09-15T18:23:33.311971+00:00
[2023-09-15T18:23:34.743+0000] {subprocess.py:63} INFO - Tmp dir root location: 
 /tmp
[2023-09-15T18:23:34.743+0000] {subprocess.py:75} INFO - Running command: ['/bin/bash', '-c', 'sleep 5']
[2023-09-15T18:23:34.753+0000] {subprocess.py:86} INFO - Output:
[2023-09-15T18:23:39.756+0000] {subprocess.py:97} INFO - Command exited with return code 0
[2023-09-15T18:23:39.784+0000] {taskinstance.py:1323} INFO - Marking task as SUCCESS. dag_id=default_args, task_id=tsk1, execution_date=20230915T182333, start_date=20230915T182334, end_date=20230915T182339
[2023-09-15T18:23:39.818+0000] {local_task_job.py:208} INFO - Task exited with return code 0
[2023-09-15T18:23:39.845+0000] {taskinstance.py:2578} INFO - 1 downstream tasks scheduled from follow-on schedule check
