[2023-09-15T18:23:46.043+0000] {taskinstance.py:1083} INFO - Dependencies all met for <TaskInstance: default_args.tsk3 manual__2023-09-15T18:23:33.311971+00:00 [queued]>
[2023-09-15T18:23:46.055+0000] {taskinstance.py:1083} INFO - Dependencies all met for <TaskInstance: default_args.tsk3 manual__2023-09-15T18:23:33.311971+00:00 [queued]>
[2023-09-15T18:23:46.055+0000] {taskinstance.py:1279} INFO - 
--------------------------------------------------------------------------------
[2023-09-15T18:23:46.055+0000] {taskinstance.py:1280} INFO - Starting attempt 1 of 2
[2023-09-15T18:23:46.055+0000] {taskinstance.py:1281} INFO - 
--------------------------------------------------------------------------------
[2023-09-15T18:23:46.076+0000] {taskinstance.py:1300} INFO - Executing <Task(BashOperator): tsk3> on 2023-09-15 18:23:33.311971+00:00
[2023-09-15T18:23:46.080+0000] {standard_task_runner.py:55} INFO - Started process 1227 to run task
[2023-09-15T18:23:46.086+0000] {standard_task_runner.py:82} INFO - Running: ['***', 'tasks', 'run', 'default_args', 'tsk3', 'manual__2023-09-15T18:23:33.311971+00:00', '--job-id', '72', '--raw', '--subdir', 'DAGS_FOLDER/default_args.py', '--cfg-path', '/tmp/tmpecuhp9x1']
[2023-09-15T18:23:46.087+0000] {standard_task_runner.py:83} INFO - Job 72: Subtask tsk3
[2023-09-15T18:23:46.156+0000] {task_command.py:388} INFO - Running <TaskInstance: default_args.tsk3 manual__2023-09-15T18:23:33.311971+00:00 [running]> on host 8cc0db633803
[2023-09-15T18:23:46.242+0000] {taskinstance.py:1509} INFO - Exporting the following env vars:
AIRFLOW_CTX_DAG_EMAIL=test@test.com
AIRFLOW_CTX_DAG_OWNER=***
AIRFLOW_CTX_DAG_ID=default_args
AIRFLOW_CTX_TASK_ID=tsk3
AIRFLOW_CTX_EXECUTION_DATE=2023-09-15T18:23:33.311971+00:00
AIRFLOW_CTX_TRY_NUMBER=1
AIRFLOW_CTX_DAG_RUN_ID=manual__2023-09-15T18:23:33.311971+00:00
[2023-09-15T18:23:46.244+0000] {subprocess.py:63} INFO - Tmp dir root location: 
 /tmp
[2023-09-15T18:23:46.245+0000] {subprocess.py:75} INFO - Running command: ['/bin/bash', '-c', 'sleep 5']
[2023-09-15T18:23:46.256+0000] {subprocess.py:86} INFO - Output:
[2023-09-15T18:23:51.260+0000] {subprocess.py:97} INFO - Command exited with return code 0
[2023-09-15T18:23:51.306+0000] {taskinstance.py:1323} INFO - Marking task as SUCCESS. dag_id=default_args, task_id=tsk3, execution_date=20230915T182333, start_date=20230915T182346, end_date=20230915T182351
[2023-09-15T18:23:51.358+0000] {local_task_job.py:208} INFO - Task exited with return code 0
[2023-09-15T18:23:51.394+0000] {taskinstance.py:2578} INFO - 0 downstream tasks scheduled from follow-on schedule check
