[2023-09-15T17:00:34.149+0000] {taskinstance.py:1083} INFO - Dependencies all met for <TaskInstance: dag_group.task6 manual__2023-09-15T17:00:14.492028+00:00 [queued]>
[2023-09-15T17:00:34.159+0000] {taskinstance.py:1083} INFO - Dependencies all met for <TaskInstance: dag_group.task6 manual__2023-09-15T17:00:14.492028+00:00 [queued]>
[2023-09-15T17:00:34.160+0000] {taskinstance.py:1279} INFO - 
--------------------------------------------------------------------------------
[2023-09-15T17:00:34.160+0000] {taskinstance.py:1280} INFO - Starting attempt 1 of 1
[2023-09-15T17:00:34.160+0000] {taskinstance.py:1281} INFO - 
--------------------------------------------------------------------------------
[2023-09-15T17:00:34.176+0000] {taskinstance.py:1300} INFO - Executing <Task(BashOperator): task6> on 2023-09-15 17:00:14.492028+00:00
[2023-09-15T17:00:34.180+0000] {standard_task_runner.py:55} INFO - Started process 987 to run task
[2023-09-15T17:00:34.183+0000] {standard_task_runner.py:82} INFO - Running: ['***', 'tasks', 'run', 'dag_group', 'task6', 'manual__2023-09-15T17:00:14.492028+00:00', '--job-id', '59', '--raw', '--subdir', 'DAGS_FOLDER/dag_group.py', '--cfg-path', '/tmp/tmpt7ail5w2']
[2023-09-15T17:00:34.183+0000] {standard_task_runner.py:83} INFO - Job 59: Subtask task6
[2023-09-15T17:00:34.240+0000] {task_command.py:388} INFO - Running <TaskInstance: dag_group.task6 manual__2023-09-15T17:00:14.492028+00:00 [running]> on host 8cc0db633803
[2023-09-15T17:00:34.313+0000] {taskinstance.py:1509} INFO - Exporting the following env vars:
AIRFLOW_CTX_DAG_OWNER=***
AIRFLOW_CTX_DAG_ID=dag_group
AIRFLOW_CTX_TASK_ID=task6
AIRFLOW_CTX_EXECUTION_DATE=2023-09-15T17:00:14.492028+00:00
AIRFLOW_CTX_TRY_NUMBER=1
AIRFLOW_CTX_DAG_RUN_ID=manual__2023-09-15T17:00:14.492028+00:00
[2023-09-15T17:00:34.314+0000] {subprocess.py:63} INFO - Tmp dir root location: 
 /tmp
[2023-09-15T17:00:34.315+0000] {subprocess.py:75} INFO - Running command: ['/bin/bash', '-c', 'sleep 5']
[2023-09-15T17:00:34.322+0000] {subprocess.py:86} INFO - Output:
[2023-09-15T17:00:39.325+0000] {subprocess.py:97} INFO - Command exited with return code 0
[2023-09-15T17:00:39.357+0000] {taskinstance.py:1323} INFO - Marking task as SUCCESS. dag_id=dag_group, task_id=task6, execution_date=20230915T170014, start_date=20230915T170034, end_date=20230915T170039
[2023-09-15T17:00:39.413+0000] {local_task_job.py:208} INFO - Task exited with return code 0
[2023-09-15T17:00:39.442+0000] {taskinstance.py:2578} INFO - 2 downstream tasks scheduled from follow-on schedule check
