[2023-09-14T17:53:06.987+0000] {taskinstance.py:1083} INFO - Dependencies all met for <TaskInstance: primeira_dag.tsk3 manual__2023-09-14T17:52:53.733175+00:00 [queued]>
[2023-09-14T17:53:06.996+0000] {taskinstance.py:1083} INFO - Dependencies all met for <TaskInstance: primeira_dag.tsk3 manual__2023-09-14T17:52:53.733175+00:00 [queued]>
[2023-09-14T17:53:06.996+0000] {taskinstance.py:1279} INFO - 
--------------------------------------------------------------------------------
[2023-09-14T17:53:06.996+0000] {taskinstance.py:1280} INFO - Starting attempt 1 of 1
[2023-09-14T17:53:06.996+0000] {taskinstance.py:1281} INFO - 
--------------------------------------------------------------------------------
[2023-09-14T17:53:07.009+0000] {taskinstance.py:1300} INFO - Executing <Task(BashOperator): tsk3> on 2023-09-14 17:52:53.733175+00:00
[2023-09-14T17:53:07.012+0000] {standard_task_runner.py:55} INFO - Started process 397 to run task
[2023-09-14T17:53:07.015+0000] {standard_task_runner.py:82} INFO - Running: ['***', 'tasks', 'run', 'primeira_dag', 'tsk3', 'manual__2023-09-14T17:52:53.733175+00:00', '--job-id', '13', '--raw', '--subdir', 'DAGS_FOLDER/primeira_dag.py', '--cfg-path', '/tmp/tmp9bmxh3tu']
[2023-09-14T17:53:07.016+0000] {standard_task_runner.py:83} INFO - Job 13: Subtask tsk3
[2023-09-14T17:53:07.069+0000] {task_command.py:388} INFO - Running <TaskInstance: primeira_dag.tsk3 manual__2023-09-14T17:52:53.733175+00:00 [running]> on host 8cc0db633803
[2023-09-14T17:53:07.133+0000] {taskinstance.py:1509} INFO - Exporting the following env vars:
AIRFLOW_CTX_DAG_OWNER=***
AIRFLOW_CTX_DAG_ID=primeira_dag
AIRFLOW_CTX_TASK_ID=tsk3
AIRFLOW_CTX_EXECUTION_DATE=2023-09-14T17:52:53.733175+00:00
AIRFLOW_CTX_TRY_NUMBER=1
AIRFLOW_CTX_DAG_RUN_ID=manual__2023-09-14T17:52:53.733175+00:00
[2023-09-14T17:53:07.134+0000] {subprocess.py:63} INFO - Tmp dir root location: 
 /tmp
[2023-09-14T17:53:07.135+0000] {subprocess.py:75} INFO - Running command: ['/bin/bash', '-c', 'sleep 5']
[2023-09-14T17:53:07.142+0000] {subprocess.py:86} INFO - Output:
[2023-09-14T17:53:12.145+0000] {subprocess.py:97} INFO - Command exited with return code 0
[2023-09-14T17:53:12.171+0000] {taskinstance.py:1323} INFO - Marking task as SUCCESS. dag_id=primeira_dag, task_id=tsk3, execution_date=20230914T175253, start_date=20230914T175306, end_date=20230914T175312
[2023-09-14T17:53:12.206+0000] {local_task_job.py:208} INFO - Task exited with return code 0
[2023-09-14T17:53:12.221+0000] {taskinstance.py:2578} INFO - 0 downstream tasks scheduled from follow-on schedule check
