[2023-09-14T18:04:16.517+0000] {taskinstance.py:1083} INFO - Dependencies all met for <TaskInstance: segunda_dag.tsk3 manual__2023-09-14T18:04:14.152795+00:00 [queued]>
[2023-09-14T18:04:16.530+0000] {taskinstance.py:1083} INFO - Dependencies all met for <TaskInstance: segunda_dag.tsk3 manual__2023-09-14T18:04:14.152795+00:00 [queued]>
[2023-09-14T18:04:16.530+0000] {taskinstance.py:1279} INFO - 
--------------------------------------------------------------------------------
[2023-09-14T18:04:16.530+0000] {taskinstance.py:1280} INFO - Starting attempt 1 of 1
[2023-09-14T18:04:16.530+0000] {taskinstance.py:1281} INFO - 
--------------------------------------------------------------------------------
[2023-09-14T18:04:16.554+0000] {taskinstance.py:1300} INFO - Executing <Task(BashOperator): tsk3> on 2023-09-14 18:04:14.152795+00:00
[2023-09-14T18:04:16.558+0000] {standard_task_runner.py:55} INFO - Started process 1212 to run task
[2023-09-14T18:04:16.561+0000] {standard_task_runner.py:82} INFO - Running: ['***', 'tasks', 'run', 'segunda_dag', 'tsk3', 'manual__2023-09-14T18:04:14.152795+00:00', '--job-id', '22', '--raw', '--subdir', 'DAGS_FOLDER/segunda_dag.py', '--cfg-path', '/tmp/tmpt0941tp0']
[2023-09-14T18:04:16.562+0000] {standard_task_runner.py:83} INFO - Job 22: Subtask tsk3
[2023-09-14T18:04:16.630+0000] {task_command.py:388} INFO - Running <TaskInstance: segunda_dag.tsk3 manual__2023-09-14T18:04:14.152795+00:00 [running]> on host 8cc0db633803
[2023-09-14T18:04:16.715+0000] {taskinstance.py:1509} INFO - Exporting the following env vars:
AIRFLOW_CTX_DAG_OWNER=***
AIRFLOW_CTX_DAG_ID=segunda_dag
AIRFLOW_CTX_TASK_ID=tsk3
AIRFLOW_CTX_EXECUTION_DATE=2023-09-14T18:04:14.152795+00:00
AIRFLOW_CTX_TRY_NUMBER=1
AIRFLOW_CTX_DAG_RUN_ID=manual__2023-09-14T18:04:14.152795+00:00
[2023-09-14T18:04:16.716+0000] {subprocess.py:63} INFO - Tmp dir root location: 
 /tmp
[2023-09-14T18:04:16.716+0000] {subprocess.py:75} INFO - Running command: ['/bin/bash', '-c', 'echo parallel print']
[2023-09-14T18:04:16.725+0000] {subprocess.py:86} INFO - Output:
[2023-09-14T18:04:16.726+0000] {subprocess.py:93} INFO - parallel print
[2023-09-14T18:04:16.727+0000] {subprocess.py:97} INFO - Command exited with return code 0
[2023-09-14T18:04:16.758+0000] {taskinstance.py:1323} INFO - Marking task as SUCCESS. dag_id=segunda_dag, task_id=tsk3, execution_date=20230914T180414, start_date=20230914T180416, end_date=20230914T180416
[2023-09-14T18:04:16.818+0000] {local_task_job.py:208} INFO - Task exited with return code 0
[2023-09-14T18:04:16.836+0000] {taskinstance.py:2578} INFO - 0 downstream tasks scheduled from follow-on schedule check
