[2023-09-14T20:13:21.183+0000] {taskinstance.py:1083} INFO - Dependencies all met for <TaskInstance: complex_dag.task6 manual__2023-09-14T20:13:02.260107+00:00 [queued]>
[2023-09-14T20:13:21.198+0000] {taskinstance.py:1083} INFO - Dependencies all met for <TaskInstance: complex_dag.task6 manual__2023-09-14T20:13:02.260107+00:00 [queued]>
[2023-09-14T20:13:21.198+0000] {taskinstance.py:1279} INFO - 
--------------------------------------------------------------------------------
[2023-09-14T20:13:21.198+0000] {taskinstance.py:1280} INFO - Starting attempt 1 of 1
[2023-09-14T20:13:21.198+0000] {taskinstance.py:1281} INFO - 
--------------------------------------------------------------------------------
[2023-09-14T20:13:21.227+0000] {taskinstance.py:1300} INFO - Executing <Task(BashOperator): task6> on 2023-09-14 20:13:02.260107+00:00
[2023-09-14T20:13:21.231+0000] {standard_task_runner.py:55} INFO - Started process 10394 to run task
[2023-09-14T20:13:21.233+0000] {standard_task_runner.py:82} INFO - Running: ['***', 'tasks', 'run', 'complex_dag', 'task6', 'manual__2023-09-14T20:13:02.260107+00:00', '--job-id', '49', '--raw', '--subdir', 'DAGS_FOLDER/complex_dag.py', '--cfg-path', '/tmp/tmpn6xj5kjx']
[2023-09-14T20:13:21.234+0000] {standard_task_runner.py:83} INFO - Job 49: Subtask task6
[2023-09-14T20:13:21.290+0000] {task_command.py:388} INFO - Running <TaskInstance: complex_dag.task6 manual__2023-09-14T20:13:02.260107+00:00 [running]> on host 8cc0db633803
[2023-09-14T20:13:21.358+0000] {taskinstance.py:1509} INFO - Exporting the following env vars:
AIRFLOW_CTX_DAG_OWNER=***
AIRFLOW_CTX_DAG_ID=complex_dag
AIRFLOW_CTX_TASK_ID=task6
AIRFLOW_CTX_EXECUTION_DATE=2023-09-14T20:13:02.260107+00:00
AIRFLOW_CTX_TRY_NUMBER=1
AIRFLOW_CTX_DAG_RUN_ID=manual__2023-09-14T20:13:02.260107+00:00
[2023-09-14T20:13:21.359+0000] {subprocess.py:63} INFO - Tmp dir root location: 
 /tmp
[2023-09-14T20:13:21.360+0000] {subprocess.py:75} INFO - Running command: ['/bin/bash', '-c', 'sleep 5']
[2023-09-14T20:13:21.368+0000] {subprocess.py:86} INFO - Output:
[2023-09-14T20:13:26.375+0000] {subprocess.py:97} INFO - Command exited with return code 0
[2023-09-14T20:13:26.401+0000] {taskinstance.py:1323} INFO - Marking task as SUCCESS. dag_id=complex_dag, task_id=task6, execution_date=20230914T201302, start_date=20230914T201321, end_date=20230914T201326
[2023-09-14T20:13:26.420+0000] {local_task_job.py:208} INFO - Task exited with return code 0
[2023-09-14T20:13:26.445+0000] {taskinstance.py:2578} INFO - 2 downstream tasks scheduled from follow-on schedule check
