[2023-09-14T18:20:19.469+0000] {taskinstance.py:1083} INFO - Dependencies all met for <TaskInstance: magic_square.Ronaldo manual__2023-09-14T18:20:17.304375+00:00 [queued]>
[2023-09-14T18:20:19.481+0000] {taskinstance.py:1083} INFO - Dependencies all met for <TaskInstance: magic_square.Ronaldo manual__2023-09-14T18:20:17.304375+00:00 [queued]>
[2023-09-14T18:20:19.481+0000] {taskinstance.py:1279} INFO - 
--------------------------------------------------------------------------------
[2023-09-14T18:20:19.482+0000] {taskinstance.py:1280} INFO - Starting attempt 1 of 1
[2023-09-14T18:20:19.482+0000] {taskinstance.py:1281} INFO - 
--------------------------------------------------------------------------------
[2023-09-14T18:20:19.501+0000] {taskinstance.py:1300} INFO - Executing <Task(BashOperator): Ronaldo> on 2023-09-14 18:20:17.304375+00:00
[2023-09-14T18:20:19.504+0000] {standard_task_runner.py:55} INFO - Started process 2374 to run task
[2023-09-14T18:20:19.507+0000] {standard_task_runner.py:82} INFO - Running: ['***', 'tasks', 'run', 'magic_square', 'Ronaldo', 'manual__2023-09-14T18:20:17.304375+00:00', '--job-id', '30', '--raw', '--subdir', 'DAGS_FOLDER/magic_square.py', '--cfg-path', '/tmp/tmpbcz0mljj']
[2023-09-14T18:20:19.508+0000] {standard_task_runner.py:83} INFO - Job 30: Subtask Ronaldo
[2023-09-14T18:20:19.566+0000] {task_command.py:388} INFO - Running <TaskInstance: magic_square.Ronaldo manual__2023-09-14T18:20:17.304375+00:00 [running]> on host 8cc0db633803
[2023-09-14T18:20:19.644+0000] {taskinstance.py:1509} INFO - Exporting the following env vars:
AIRFLOW_CTX_DAG_OWNER=***
AIRFLOW_CTX_DAG_ID=magic_square
AIRFLOW_CTX_TASK_ID=Ronaldo
AIRFLOW_CTX_EXECUTION_DATE=2023-09-14T18:20:17.304375+00:00
AIRFLOW_CTX_TRY_NUMBER=1
AIRFLOW_CTX_DAG_RUN_ID=manual__2023-09-14T18:20:17.304375+00:00
[2023-09-14T18:20:19.645+0000] {subprocess.py:63} INFO - Tmp dir root location: 
 /tmp
[2023-09-14T18:20:19.645+0000] {subprocess.py:75} INFO - Running command: ['/bin/bash', '-c', 'echo balanca e e gol']
[2023-09-14T18:20:19.654+0000] {subprocess.py:86} INFO - Output:
[2023-09-14T18:20:19.656+0000] {subprocess.py:93} INFO - balanca e e gol
[2023-09-14T18:20:19.656+0000] {subprocess.py:97} INFO - Command exited with return code 0
[2023-09-14T18:20:19.686+0000] {taskinstance.py:1323} INFO - Marking task as SUCCESS. dag_id=magic_square, task_id=Ronaldo, execution_date=20230914T182017, start_date=20230914T182019, end_date=20230914T182019
[2023-09-14T18:20:19.719+0000] {local_task_job.py:208} INFO - Task exited with return code 0
[2023-09-14T18:20:19.740+0000] {taskinstance.py:2578} INFO - 0 downstream tasks scheduled from follow-on schedule check
