[2023-09-14T20:13:09.176+0000] {taskinstance.py:1083} INFO - Dependencies all met for <TaskInstance: complex_dag.task2 manual__2023-09-14T20:13:02.260107+00:00 [queued]>
[2023-09-14T20:13:09.187+0000] {taskinstance.py:1083} INFO - Dependencies all met for <TaskInstance: complex_dag.task2 manual__2023-09-14T20:13:02.260107+00:00 [queued]>
[2023-09-14T20:13:09.187+0000] {taskinstance.py:1279} INFO - 
--------------------------------------------------------------------------------
[2023-09-14T20:13:09.187+0000] {taskinstance.py:1280} INFO - Starting attempt 1 of 1
[2023-09-14T20:13:09.188+0000] {taskinstance.py:1281} INFO - 
--------------------------------------------------------------------------------
[2023-09-14T20:13:09.202+0000] {taskinstance.py:1300} INFO - Executing <Task(BashOperator): task2> on 2023-09-14 20:13:02.260107+00:00
[2023-09-14T20:13:09.206+0000] {standard_task_runner.py:55} INFO - Started process 10367 to run task
[2023-09-14T20:13:09.209+0000] {standard_task_runner.py:82} INFO - Running: ['***', 'tasks', 'run', 'complex_dag', 'task2', 'manual__2023-09-14T20:13:02.260107+00:00', '--job-id', '46', '--raw', '--subdir', 'DAGS_FOLDER/complex_dag.py', '--cfg-path', '/tmp/tmp6qxtjelm']
[2023-09-14T20:13:09.209+0000] {standard_task_runner.py:83} INFO - Job 46: Subtask task2
[2023-09-14T20:13:09.290+0000] {task_command.py:388} INFO - Running <TaskInstance: complex_dag.task2 manual__2023-09-14T20:13:02.260107+00:00 [running]> on host 8cc0db633803
[2023-09-14T20:13:09.363+0000] {taskinstance.py:1509} INFO - Exporting the following env vars:
AIRFLOW_CTX_DAG_OWNER=***
AIRFLOW_CTX_DAG_ID=complex_dag
AIRFLOW_CTX_TASK_ID=task2
AIRFLOW_CTX_EXECUTION_DATE=2023-09-14T20:13:02.260107+00:00
AIRFLOW_CTX_TRY_NUMBER=1
AIRFLOW_CTX_DAG_RUN_ID=manual__2023-09-14T20:13:02.260107+00:00
[2023-09-14T20:13:09.364+0000] {subprocess.py:63} INFO - Tmp dir root location: 
 /tmp
[2023-09-14T20:13:09.365+0000] {subprocess.py:75} INFO - Running command: ['/bin/bash', '-c', 'sleep 5']
[2023-09-14T20:13:09.374+0000] {subprocess.py:86} INFO - Output:
[2023-09-14T20:13:14.377+0000] {subprocess.py:97} INFO - Command exited with return code 0
[2023-09-14T20:13:14.402+0000] {taskinstance.py:1323} INFO - Marking task as SUCCESS. dag_id=complex_dag, task_id=task2, execution_date=20230914T201302, start_date=20230914T201309, end_date=20230914T201314
[2023-09-14T20:13:14.446+0000] {local_task_job.py:208} INFO - Task exited with return code 0
[2023-09-14T20:13:14.491+0000] {taskinstance.py:2578} INFO - 0 downstream tasks scheduled from follow-on schedule check
