[2023-09-14T19:54:07.645+0000] {taskinstance.py:1083} INFO - Dependencies all met for <TaskInstance: trigger_dag2.task2 manual__2023-09-14T19:54:06.869673+00:00 [queued]>
[2023-09-14T19:54:07.654+0000] {taskinstance.py:1083} INFO - Dependencies all met for <TaskInstance: trigger_dag2.task2 manual__2023-09-14T19:54:06.869673+00:00 [queued]>
[2023-09-14T19:54:07.655+0000] {taskinstance.py:1279} INFO - 
--------------------------------------------------------------------------------
[2023-09-14T19:54:07.656+0000] {taskinstance.py:1280} INFO - Starting attempt 1 of 1
[2023-09-14T19:54:07.656+0000] {taskinstance.py:1281} INFO - 
--------------------------------------------------------------------------------
[2023-09-14T19:54:07.673+0000] {taskinstance.py:1300} INFO - Executing <Task(BashOperator): task2> on 2023-09-14 19:54:06.869673+00:00
[2023-09-14T19:54:07.677+0000] {standard_task_runner.py:55} INFO - Started process 9008 to run task
[2023-09-14T19:54:07.681+0000] {standard_task_runner.py:82} INFO - Running: ['***', 'tasks', 'run', 'trigger_dag2', 'task2', 'manual__2023-09-14T19:54:06.869673+00:00', '--job-id', '37', '--raw', '--subdir', 'DAGS_FOLDER/trigger_dag2.py', '--cfg-path', '/tmp/tmpqw8oa7sb']
[2023-09-14T19:54:07.681+0000] {standard_task_runner.py:83} INFO - Job 37: Subtask task2
[2023-09-14T19:54:07.744+0000] {task_command.py:388} INFO - Running <TaskInstance: trigger_dag2.task2 manual__2023-09-14T19:54:06.869673+00:00 [running]> on host 8cc0db633803
[2023-09-14T19:54:07.822+0000] {taskinstance.py:1509} INFO - Exporting the following env vars:
AIRFLOW_CTX_DAG_OWNER=***
AIRFLOW_CTX_DAG_ID=trigger_dag2
AIRFLOW_CTX_TASK_ID=task2
AIRFLOW_CTX_EXECUTION_DATE=2023-09-14T19:54:06.869673+00:00
AIRFLOW_CTX_TRY_NUMBER=1
AIRFLOW_CTX_DAG_RUN_ID=manual__2023-09-14T19:54:06.869673+00:00
[2023-09-14T19:54:07.823+0000] {subprocess.py:63} INFO - Tmp dir root location: 
 /tmp
[2023-09-14T19:54:07.823+0000] {subprocess.py:75} INFO - Running command: ['/bin/bash', '-c', 'sleep 5']
[2023-09-14T19:54:07.832+0000] {subprocess.py:86} INFO - Output:
[2023-09-14T19:54:12.835+0000] {subprocess.py:97} INFO - Command exited with return code 0
[2023-09-14T19:54:12.865+0000] {taskinstance.py:1323} INFO - Marking task as SUCCESS. dag_id=trigger_dag2, task_id=task2, execution_date=20230914T195406, start_date=20230914T195407, end_date=20230914T195412
[2023-09-14T19:54:12.893+0000] {local_task_job.py:208} INFO - Task exited with return code 0
[2023-09-14T19:54:12.911+0000] {taskinstance.py:2578} INFO - 0 downstream tasks scheduled from follow-on schedule check
